{"uuid":"0dc87ea8-a639-4976-ab0c-ff937987c160","historyId":"1fbe02ffd1de9b2f0c4cc50d52aa893","testCaseId":"[engine:junit-jupiter]/[class:OpenPage.FeetbackTest]/[method:testFormValidation()]","testCaseName":"testFormValidation()","fullName":"OpenPage.FeetbackTest.testFormValidation","labels":[{"name":"junit.platform.uniqueid","value":"[engine:junit-jupiter]/[class:OpenPage.FeetbackTest]/[method:testFormValidation()]"},{"name":"feature","value":"Проверка обязательных полей формы"},{"name":"host","value":"Dunice"},{"name":"thread","value":"171484@Dunice.main(1)"},{"name":"framework","value":"junit-platform"},{"name":"language","value":"java"},{"name":"package","value":"OpenPage.FeetbackTest"},{"name":"testClass","value":"OpenPage.FeetbackTest"},{"name":"testMethod","value":"testFormValidation"},{"name":"suite","value":"OpenPage.FeetbackTest"}],"links":[],"name":"testFormValidation()","status":"failed","statusDetails":{"known":false,"muted":false,"flaky":false,"message":"Invalid element state [#subsidyType .uan-field__field]: element click intercepted: Element <div class=\"uan-field__field uan-select__head\">...</div> is not clickable at point (668, 314). Other element would receive the click: <div class=\"image-container\" style=\"background-image: url(&quot;/upload/iblock/32a/32addac0c865bae9af1e6606051e94ac.png&quot;);\"></div>\r\nScreenshot: file:/C:/Users/Vitaliy/AndroidStudioProjects/UralAvialiniy/build/reports/tests/1730534238292.2.png\r\nPage source: file:/C:/Users/Vitaliy/AndroidStudioProjects/UralAvialiniy/build/reports/tests/1730534238292.2.html\r\nTimeout: 4 s.\r\nCaused by: ElementClickInterceptedException: element click intercepted: Element <div class=\"uan-field__field uan-select__head\">...</div> is not clickable at point (668, 314). Other element would receive the click: <div class=\"image-container\" style=\"background-image: url(&quot;/upload/iblock/32a/32addac0c865bae9af1e6606051e94ac.png&quot;);\"></div>","trace":"Invalid element state [#subsidyType .uan-field__field]: element click intercepted: Element <div class=\"uan-field__field uan-select__head\">...</div> is not clickable at point (668, 314). Other element would receive the click: <div class=\"image-container\" style=\"background-image: url(&quot;/upload/iblock/32a/32addac0c865bae9af1e6606051e94ac.png&quot;);\"></div>\r\nScreenshot: file:/C:/Users/Vitaliy/AndroidStudioProjects/UralAvialiniy/build/reports/tests/1730534238292.2.png\r\nPage source: file:/C:/Users/Vitaliy/AndroidStudioProjects/UralAvialiniy/build/reports/tests/1730534238292.2.html\r\nTimeout: 4 s.\r\nCaused by: ElementClickInterceptedException: element click intercepted: Element <div class=\"uan-field__field uan-select__head\">...</div> is not clickable at point (668, 314). Other element would receive the click: <div class=\"image-container\" style=\"background-image: url(&quot;/upload/iblock/32a/32addac0c865bae9af1e6606051e94ac.png&quot;);\"></div>\r\n\tat com.codeborne.selenide.impl.ExceptionWrapper.wrap(ExceptionWrapper.java:26)\r\n\tat com.codeborne.selenide.impl.SelenideElementProxy.dispatchAndRetry(SelenideElementProxy.java:156)\r\n\tat com.codeborne.selenide.impl.SelenideElementProxy.invoke(SelenideElementProxy.java:86)\r\n\tat jdk.proxy2/jdk.proxy2.$Proxy13.click(Unknown Source)\r\n\tat FeetbackTest.RequestSubsidized_1.RequestSubsidizedPage.fillForm(RequestSubsidizedPage.java:16)\r\n\tat OpenPage.FeetbackTest.testFormValidation(FeetbackTest.java:34)\r\n\tat java.base/java.lang.reflect.Method.invoke(Method.java:580)\r\n\tat java.base/java.util.ArrayList.forEach(ArrayList.java:1597)\r\n\tat java.base/java.util.ArrayList.forEach(ArrayList.java:1597)\r\nCaused by: org.openqa.selenium.ElementClickInterceptedException: element click intercepted: Element <div class=\"uan-field__field uan-select__head\">...</div> is not clickable at point (668, 314). Other element would receive the click: <div class=\"image-container\" style=\"background-image: url(&quot;/upload/iblock/32a/32addac0c865bae9af1e6606051e94ac.png&quot;);\"></div>\n  (Session info: chrome=130.0.6723.70)\nBuild info: version: '4.25.0', revision: '8a8aea2337'\nSystem info: os.name: 'Windows 11', os.arch: 'amd64', os.version: '10.0', java.version: '22.0.2'\nDriver info: org.openqa.selenium.chrome.ChromeDriver\nCommand: [585f6c250968168d601fa0319aa1f387, clickElement {id=f.9CC394C23C1AF7A1542F5886E5E200B7.d.FBDDE1471DE9406DE45DCDB80EC6EDF5.e.75}]\nCapabilities {acceptInsecureCerts: true, browserName: chrome, browserVersion: 130.0.6723.70, chrome: {chromedriverVersion: 130.0.6723.91 (53ac07678369..., userDataDir: C:\\Users\\Vitaliy\\AppData\\Lo...}, fedcm:accounts: true, goog:chromeOptions: {debuggerAddress: localhost:65456}, networkConnectionEnabled: false, pageLoadStrategy: eager, platformName: windows, proxy: Proxy(), se:cdp: ws://localhost:65456/devtoo..., se:cdpVersion: 130.0.6723.70, setWindowRect: true, strictFileInteractability: false, timeouts: {implicit: 0, pageLoad: 300000, script: 30000}, unhandledPromptBehavior: accept, webauthn:extension:credBlob: true, webauthn:extension:largeBlob: true, webauthn:extension:minPinLength: true, webauthn:extension:prf: true, webauthn:virtualAuthenticators: true}\nElement: [[ChromeDriver: chrome on windows (585f6c250968168d601fa0319aa1f387)] -> css selector: #subsidyType .uan-field__field]\nSession ID: 585f6c250968168d601fa0319aa1f387\r\n\tat java.base/jdk.internal.reflect.DirectConstructorHandleAccessor.newInstance(DirectConstructorHandleAccessor.java:62)\r\n\tat java.base/java.lang.reflect.Constructor.newInstanceWithCaller(Constructor.java:502)\r\n\tat java.base/java.lang.reflect.Constructor.newInstance(Constructor.java:486)\r\n\tat org.openqa.selenium.remote.ErrorCodec.decode(ErrorCodec.java:167)\r\n\tat org.openqa.selenium.remote.codec.w3c.W3CHttpResponseCodec.decode(W3CHttpResponseCodec.java:138)\r\n\tat org.openqa.selenium.remote.codec.w3c.W3CHttpResponseCodec.decode(W3CHttpResponseCodec.java:50)\r\n\tat org.openqa.selenium.remote.HttpCommandExecutor.execute(HttpCommandExecutor.java:190)\r\n\tat org.openqa.selenium.remote.service.DriverCommandExecutor.invokeExecute(DriverCommandExecutor.java:216)\r\n\tat org.openqa.selenium.remote.service.DriverCommandExecutor.execute(DriverCommandExecutor.java:174)\r\n\tat org.openqa.selenium.remote.RemoteWebDriver.execute(RemoteWebDriver.java:545)\r\n\tat org.openqa.selenium.remote.RemoteWebElement.execute(RemoteWebElement.java:223)\r\n\tat org.openqa.selenium.remote.RemoteWebElement.click(RemoteWebElement.java:76)\r\n\tat com.codeborne.selenide.commands.Click.defaultClick(Click.java:106)\r\n\tat com.codeborne.selenide.commands.Click.doClick(Click.java:83)\r\n\tat com.codeborne.selenide.commands.Click.click(Click.java:59)\r\n\tat com.codeborne.selenide.commands.Click.execute(Click.java:34)\r\n\tat com.codeborne.selenide.commands.Click.execute(Click.java:26)\r\n\tat com.codeborne.selenide.commands.Commands.execute(Commands.java:162)\r\n\tat com.codeborne.selenide.impl.SelenideElementProxy.dispatchAndRetry(SelenideElementProxy.java:134)\r\n\t... 7 more\r\n"},"stage":"finished","description":"","steps":[],"attachments":[],"parameters":[],"start":1730534234239,"stop":1730534238530}