{"uuid":"384568ef-eabc-4a3b-9f81-83dc1677e4eb","historyId":"aced709fe7299ece7034045f9d83698a","testCaseId":"[engine:junit-jupiter]/[class:OpenPage.MainTest]/[method:testSpecialBaggage()]","testCaseName":"testSpecialBaggage()","fullName":"OpenPage.MainTest.testSpecialBaggage","labels":[{"name":"junit.platform.uniqueid","value":"[engine:junit-jupiter]/[class:OpenPage.MainTest]/[method:testSpecialBaggage()]"},{"name":"feature","value":"Тест на проверку вкладки Особый багаж"},{"name":"host","value":"Dunice"},{"name":"thread","value":"117500@Dunice.main(1)"},{"name":"framework","value":"junit-platform"},{"name":"language","value":"java"},{"name":"package","value":"OpenPage.MainTest"},{"name":"testClass","value":"OpenPage.MainTest"},{"name":"testMethod","value":"testSpecialBaggage"},{"name":"suite","value":"OpenPage.MainTest"}],"links":[],"name":"testSpecialBaggage()","status":"failed","statusDetails":{"known":false,"muted":false,"flaky":false,"message":"Invalid element state [By.xpath: //div[@class='uk-visible@l']//div[@class='sub-link-container']//a[contains(text(),'Расте')]]: element click intercepted: Element <a href=\"/baggage_detail/osobyy-bagazh/rastenie/\">...</a> is not clickable at point (443, 557). Other element would receive the click: <div class=\"uk-modal uan-modal uan-modal_big uk-flex uk-flex-top uk-open\">...</div>\r\nScreenshot: file:/C:/Users/Vitaliy/AndroidStudioProjects/UralAvialiniy/build/reports/tests/1730274109627.0.png\r\nPage source: file:/C:/Users/Vitaliy/AndroidStudioProjects/UralAvialiniy/build/reports/tests/1730274109627.0.html\r\nTimeout: 4 s.\r\nCaused by: ElementClickInterceptedException: element click intercepted: Element <a href=\"/baggage_detail/osobyy-bagazh/rastenie/\">...</a> is not clickable at point (443, 557). Other element would receive the click: <div class=\"uk-modal uan-modal uan-modal_big uk-flex uk-flex-top uk-open\">...</div>","trace":"Invalid element state [By.xpath: //div[@class='uk-visible@l']//div[@class='sub-link-container']//a[contains(text(),'Расте')]]: element click intercepted: Element <a href=\"/baggage_detail/osobyy-bagazh/rastenie/\">...</a> is not clickable at point (443, 557). Other element would receive the click: <div class=\"uk-modal uan-modal uan-modal_big uk-flex uk-flex-top uk-open\">...</div>\r\nScreenshot: file:/C:/Users/Vitaliy/AndroidStudioProjects/UralAvialiniy/build/reports/tests/1730274109627.0.png\r\nPage source: file:/C:/Users/Vitaliy/AndroidStudioProjects/UralAvialiniy/build/reports/tests/1730274109627.0.html\r\nTimeout: 4 s.\r\nCaused by: ElementClickInterceptedException: element click intercepted: Element <a href=\"/baggage_detail/osobyy-bagazh/rastenie/\">...</a> is not clickable at point (443, 557). Other element would receive the click: <div class=\"uk-modal uan-modal uan-modal_big uk-flex uk-flex-top uk-open\">...</div>\r\n\tat com.codeborne.selenide.impl.ExceptionWrapper.wrap(ExceptionWrapper.java:26)\r\n\tat com.codeborne.selenide.impl.SelenideElementProxy.dispatchAndRetry(SelenideElementProxy.java:156)\r\n\tat com.codeborne.selenide.impl.SelenideElementProxy.invoke(SelenideElementProxy.java:86)\r\n\tat jdk.proxy2/jdk.proxy2.$Proxy12.click(Unknown Source)\r\n\tat BaggageTest.SpecialBaggage_6.SpecialBaggagePage.test6(SpecialBaggagePage.java:26)\r\n\tat OpenPage.MainTest.testSpecialBaggage(MainTest.java:51)\r\n\tat java.base/java.lang.reflect.Method.invoke(Method.java:580)\r\n\tat java.base/java.util.ArrayList.forEach(ArrayList.java:1597)\r\n\tat java.base/java.util.ArrayList.forEach(ArrayList.java:1597)\r\nCaused by: org.openqa.selenium.ElementClickInterceptedException: element click intercepted: Element <a href=\"/baggage_detail/osobyy-bagazh/rastenie/\">...</a> is not clickable at point (443, 557). Other element would receive the click: <div class=\"uk-modal uan-modal uan-modal_big uk-flex uk-flex-top uk-open\">...</div>\n  (Session info: chrome=130.0.6723.70)\nBuild info: version: '4.25.0', revision: '8a8aea2337'\nSystem info: os.name: 'Windows 11', os.arch: 'amd64', os.version: '10.0', java.version: '22.0.2'\nDriver info: org.openqa.selenium.chrome.ChromeDriver\nCommand: [1870fbc3bb3f0addf14466a8175f7812, clickElement {id=f.763C245681C29F8C0FC3D8EFCA88DEAD.d.C9009F32519774F1CAD407119E82CB4F.e.51}]\nCapabilities {acceptInsecureCerts: true, browserName: chrome, browserVersion: 130.0.6723.70, chrome: {chromedriverVersion: 130.0.6723.69 (3ec172b971b9..., userDataDir: C:\\Users\\Vitaliy\\AppData\\Lo...}, fedcm:accounts: true, goog:chromeOptions: {debuggerAddress: localhost:63978}, networkConnectionEnabled: false, pageLoadStrategy: eager, platformName: windows, proxy: Proxy(), se:cdp: ws://localhost:63978/devtoo..., se:cdpVersion: 130.0.6723.70, setWindowRect: true, strictFileInteractability: false, timeouts: {implicit: 0, pageLoad: 300000, script: 30000}, unhandledPromptBehavior: accept, webauthn:extension:credBlob: true, webauthn:extension:largeBlob: true, webauthn:extension:minPinLength: true, webauthn:extension:prf: true, webauthn:virtualAuthenticators: true}\nElement: [[ChromeDriver: chrome on windows (1870fbc3bb3f0addf14466a8175f7812)] -> xpath: //div[@class='uk-visible@l']//div[@class='sub-link-container']//a[contains(text(),'Расте')]]\nSession ID: 1870fbc3bb3f0addf14466a8175f7812\r\n\tat java.base/jdk.internal.reflect.DirectConstructorHandleAccessor.newInstance(DirectConstructorHandleAccessor.java:62)\r\n\tat java.base/java.lang.reflect.Constructor.newInstanceWithCaller(Constructor.java:502)\r\n\tat java.base/java.lang.reflect.Constructor.newInstance(Constructor.java:486)\r\n\tat org.openqa.selenium.remote.ErrorCodec.decode(ErrorCodec.java:167)\r\n\tat org.openqa.selenium.remote.codec.w3c.W3CHttpResponseCodec.decode(W3CHttpResponseCodec.java:138)\r\n\tat org.openqa.selenium.remote.codec.w3c.W3CHttpResponseCodec.decode(W3CHttpResponseCodec.java:50)\r\n\tat org.openqa.selenium.remote.HttpCommandExecutor.execute(HttpCommandExecutor.java:190)\r\n\tat org.openqa.selenium.remote.service.DriverCommandExecutor.invokeExecute(DriverCommandExecutor.java:216)\r\n\tat org.openqa.selenium.remote.service.DriverCommandExecutor.execute(DriverCommandExecutor.java:174)\r\n\tat org.openqa.selenium.remote.RemoteWebDriver.execute(RemoteWebDriver.java:545)\r\n\tat org.openqa.selenium.remote.RemoteWebElement.execute(RemoteWebElement.java:223)\r\n\tat org.openqa.selenium.remote.RemoteWebElement.click(RemoteWebElement.java:76)\r\n\tat com.codeborne.selenide.commands.Click.defaultClick(Click.java:106)\r\n\tat com.codeborne.selenide.commands.Click.doClick(Click.java:83)\r\n\tat com.codeborne.selenide.commands.Click.click(Click.java:59)\r\n\tat com.codeborne.selenide.commands.Click.execute(Click.java:34)\r\n\tat com.codeborne.selenide.commands.Click.execute(Click.java:26)\r\n\tat com.codeborne.selenide.commands.Commands.execute(Commands.java:162)\r\n\tat com.codeborne.selenide.impl.SelenideElementProxy.dispatchAndRetry(SelenideElementProxy.java:134)\r\n\t... 7 more\r\n"},"stage":"finished","description":"","steps":[],"attachments":[],"parameters":[],"start":1730274099108,"stop":1730274109978}