{"uuid":"5a430045-8ff4-4368-8b56-8fd08d1eae06","historyId":"c48674f11598948e8f8b1b6712edc912","testCaseId":"[engine:junit-jupiter]/[class:OpenPage.RulesTest]/[method:testAirRules()]","testCaseName":"testAirRules()","fullName":"OpenPage.RulesTest.testAirRules","labels":[{"name":"junit.platform.uniqueid","value":"[engine:junit-jupiter]/[class:OpenPage.RulesTest]/[method:testAirRules()]"},{"name":"feature","value":"Тест на проверку окна Договор перевозки"},{"name":"host","value":"Dunice"},{"name":"thread","value":"191388@Dunice.main(1)"},{"name":"framework","value":"junit-platform"},{"name":"language","value":"java"},{"name":"package","value":"OpenPage.RulesTest"},{"name":"testClass","value":"OpenPage.RulesTest"},{"name":"testMethod","value":"testAirRules"},{"name":"suite","value":"OpenPage.RulesTest"}],"links":[],"name":"testAirRules()","status":"failed","statusDetails":{"known":false,"muted":false,"flaky":false,"message":"Invalid element state [By.xpath: (//div[contains(text(), 'Возврат авиабилета')])[1]]: element click intercepted: Element <div>...</div> is not clickable at point (801, 12). Other element would receive the click: <div class=\"uk-modal uan-modal uan-modal_big uk-flex uk-flex-top uk-open\">...</div>\r\nScreenshot: file:/C:/Users/Vitaliy/AndroidStudioProjects/UralAvialiniy/build/reports/tests/1730547033745.0.png\r\nPage source: file:/C:/Users/Vitaliy/AndroidStudioProjects/UralAvialiniy/build/reports/tests/1730547033745.0.html\r\nTimeout: 4 s.\r\nCaused by: ElementClickInterceptedException: element click intercepted: Element <div>...</div> is not clickable at point (801, 12). Other element would receive the click: <div class=\"uk-modal uan-modal uan-modal_big uk-flex uk-flex-top uk-open\">...</div>","trace":"Invalid element state [By.xpath: (//div[contains(text(), 'Возврат авиабилета')])[1]]: element click intercepted: Element <div>...</div> is not clickable at point (801, 12). Other element would receive the click: <div class=\"uk-modal uan-modal uan-modal_big uk-flex uk-flex-top uk-open\">...</div>\r\nScreenshot: file:/C:/Users/Vitaliy/AndroidStudioProjects/UralAvialiniy/build/reports/tests/1730547033745.0.png\r\nPage source: file:/C:/Users/Vitaliy/AndroidStudioProjects/UralAvialiniy/build/reports/tests/1730547033745.0.html\r\nTimeout: 4 s.\r\nCaused by: ElementClickInterceptedException: element click intercepted: Element <div>...</div> is not clickable at point (801, 12). Other element would receive the click: <div class=\"uk-modal uan-modal uan-modal_big uk-flex uk-flex-top uk-open\">...</div>\r\n\tat com.codeborne.selenide.impl.ExceptionWrapper.wrap(ExceptionWrapper.java:26)\r\n\tat com.codeborne.selenide.impl.SelenideElementProxy.dispatchAndRetry(SelenideElementProxy.java:156)\r\n\tat com.codeborne.selenide.impl.SelenideElementProxy.invoke(SelenideElementProxy.java:86)\r\n\tat jdk.proxy2/jdk.proxy2.$Proxy12.click(Unknown Source)\r\n\tat RulesTest.AirTicket.AirTicketPage.test14(AirTicketPage.java:41)\r\n\tat OpenPage.RulesTest.testAirRules(RulesTest.java:16)\r\n\tat java.base/java.lang.reflect.Method.invoke(Method.java:580)\r\n\tat java.base/java.util.ArrayList.forEach(ArrayList.java:1597)\r\n\tat java.base/java.util.ArrayList.forEach(ArrayList.java:1597)\r\nCaused by: org.openqa.selenium.ElementClickInterceptedException: element click intercepted: Element <div>...</div> is not clickable at point (801, 12). Other element would receive the click: <div class=\"uk-modal uan-modal uan-modal_big uk-flex uk-flex-top uk-open\">...</div>\n  (Session info: chrome=130.0.6723.70)\nBuild info: version: '4.25.0', revision: '8a8aea2337'\nSystem info: os.name: 'Windows 11', os.arch: 'amd64', os.version: '10.0', java.version: '22.0.2'\nDriver info: org.openqa.selenium.chrome.ChromeDriver\nCommand: [bd5b3a7bdf97fac127b2c5e1410c37d9, clickElement {id=f.B1DB0C8C298E11785AAB33791A54AD2C.d.1B81DA05D63ED9F13C5778269FB38F2C.e.204}]\nCapabilities {acceptInsecureCerts: true, browserName: chrome, browserVersion: 130.0.6723.70, chrome: {chromedriverVersion: 130.0.6723.91 (53ac07678369..., userDataDir: C:\\Users\\Vitaliy\\AppData\\Lo...}, fedcm:accounts: true, goog:chromeOptions: {debuggerAddress: localhost:58280}, networkConnectionEnabled: false, pageLoadStrategy: eager, platformName: windows, proxy: Proxy(), se:cdp: ws://localhost:58280/devtoo..., se:cdpVersion: 130.0.6723.70, setWindowRect: true, strictFileInteractability: false, timeouts: {implicit: 0, pageLoad: 300000, script: 30000}, unhandledPromptBehavior: accept, webauthn:extension:credBlob: true, webauthn:extension:largeBlob: true, webauthn:extension:minPinLength: true, webauthn:extension:prf: true, webauthn:virtualAuthenticators: true}\nElement: [[ChromeDriver: chrome on windows (bd5b3a7bdf97fac127b2c5e1410c37d9)] -> xpath: (//div[contains(text(), 'Возврат авиабилета')])[1]]\nSession ID: bd5b3a7bdf97fac127b2c5e1410c37d9\r\n\tat java.base/jdk.internal.reflect.DirectConstructorHandleAccessor.newInstance(DirectConstructorHandleAccessor.java:62)\r\n\tat java.base/java.lang.reflect.Constructor.newInstanceWithCaller(Constructor.java:502)\r\n\tat java.base/java.lang.reflect.Constructor.newInstance(Constructor.java:486)\r\n\tat org.openqa.selenium.remote.ErrorCodec.decode(ErrorCodec.java:167)\r\n\tat org.openqa.selenium.remote.codec.w3c.W3CHttpResponseCodec.decode(W3CHttpResponseCodec.java:138)\r\n\tat org.openqa.selenium.remote.codec.w3c.W3CHttpResponseCodec.decode(W3CHttpResponseCodec.java:50)\r\n\tat org.openqa.selenium.remote.HttpCommandExecutor.execute(HttpCommandExecutor.java:190)\r\n\tat org.openqa.selenium.remote.service.DriverCommandExecutor.invokeExecute(DriverCommandExecutor.java:216)\r\n\tat org.openqa.selenium.remote.service.DriverCommandExecutor.execute(DriverCommandExecutor.java:174)\r\n\tat org.openqa.selenium.remote.RemoteWebDriver.execute(RemoteWebDriver.java:545)\r\n\tat org.openqa.selenium.remote.RemoteWebElement.execute(RemoteWebElement.java:223)\r\n\tat org.openqa.selenium.remote.RemoteWebElement.click(RemoteWebElement.java:76)\r\n\tat com.codeborne.selenide.commands.Click.defaultClick(Click.java:106)\r\n\tat com.codeborne.selenide.commands.Click.doClick(Click.java:83)\r\n\tat com.codeborne.selenide.commands.Click.click(Click.java:59)\r\n\tat com.codeborne.selenide.commands.Click.execute(Click.java:34)\r\n\tat com.codeborne.selenide.commands.Click.execute(Click.java:26)\r\n\tat com.codeborne.selenide.commands.Commands.execute(Commands.java:162)\r\n\tat com.codeborne.selenide.impl.SelenideElementProxy.dispatchAndRetry(SelenideElementProxy.java:134)\r\n\t... 7 more\r\n"},"stage":"finished","description":"","steps":[],"attachments":[],"parameters":[],"start":1730547023205,"stop":1730547034080}