{"uuid":"6b69368f-1690-4359-8be4-dc8506c9588c","historyId":"787518a7b9a910cc49083de6341c6a1d","testCaseId":"[engine:junit-jupiter]/[class:OpenPage.MainTest]/[method:testAdditionalBaggage()]","testCaseName":"testAdditionalBaggage()","fullName":"OpenPage.MainTest.testAdditionalBaggage","labels":[{"name":"junit.platform.uniqueid","value":"[engine:junit-jupiter]/[class:OpenPage.MainTest]/[method:testAdditionalBaggage()]"},{"name":"feature","value":"Тест на проверку вкладки Дополнительный багаж"},{"name":"host","value":"Dunice"},{"name":"thread","value":"118212@Dunice.main(1)"},{"name":"framework","value":"junit-platform"},{"name":"language","value":"java"},{"name":"package","value":"OpenPage.MainTest"},{"name":"testClass","value":"OpenPage.MainTest"},{"name":"testMethod","value":"testAdditionalBaggage"},{"name":"suite","value":"OpenPage.MainTest"}],"links":[],"name":"testAdditionalBaggage()","status":"failed","statusDetails":{"known":false,"muted":false,"flaky":false,"message":"Invalid element state [By.xpath: //div[@class='uk-visible@l']//div[contains(text(),' Вылет из РФ,')]]: element click intercepted: Element <div>...</div> is not clickable at point (788, 14). Other element would receive the click: <div class=\"uk-modal uan-modal uan-modal_big uk-flex uk-flex-top uk-open\">...</div>\r\nScreenshot: file:/C:/Users/Vitaliy/AndroidStudioProjects/UralAvialiniy/build/reports/tests/1730273676900.0.png\r\nPage source: file:/C:/Users/Vitaliy/AndroidStudioProjects/UralAvialiniy/build/reports/tests/1730273676900.0.html\r\nTimeout: 4 s.\r\nCaused by: ElementClickInterceptedException: element click intercepted: Element <div>...</div> is not clickable at point (788, 14). Other element would receive the click: <div class=\"uk-modal uan-modal uan-modal_big uk-flex uk-flex-top uk-open\">...</div>","trace":"Invalid element state [By.xpath: //div[@class='uk-visible@l']//div[contains(text(),' Вылет из РФ,')]]: element click intercepted: Element <div>...</div> is not clickable at point (788, 14). Other element would receive the click: <div class=\"uk-modal uan-modal uan-modal_big uk-flex uk-flex-top uk-open\">...</div>\r\nScreenshot: file:/C:/Users/Vitaliy/AndroidStudioProjects/UralAvialiniy/build/reports/tests/1730273676900.0.png\r\nPage source: file:/C:/Users/Vitaliy/AndroidStudioProjects/UralAvialiniy/build/reports/tests/1730273676900.0.html\r\nTimeout: 4 s.\r\nCaused by: ElementClickInterceptedException: element click intercepted: Element <div>...</div> is not clickable at point (788, 14). Other element would receive the click: <div class=\"uk-modal uan-modal uan-modal_big uk-flex uk-flex-top uk-open\">...</div>\r\n\tat com.codeborne.selenide.impl.ExceptionWrapper.wrap(ExceptionWrapper.java:26)\r\n\tat com.codeborne.selenide.impl.SelenideElementProxy.dispatchAndRetry(SelenideElementProxy.java:156)\r\n\tat com.codeborne.selenide.impl.SelenideElementProxy.invoke(SelenideElementProxy.java:86)\r\n\tat jdk.proxy2/jdk.proxy2.$Proxy12.click(Unknown Source)\r\n\tat BaggageTest.AdditionalBaggage_4.AdditionalBaggagePage.test4(AdditionalBaggagePage.java:43)\r\n\tat OpenPage.MainTest.testAdditionalBaggage(MainTest.java:37)\r\n\tat java.base/java.lang.reflect.Method.invoke(Method.java:580)\r\n\tat java.base/java.util.ArrayList.forEach(ArrayList.java:1597)\r\n\tat java.base/java.util.ArrayList.forEach(ArrayList.java:1597)\r\nCaused by: org.openqa.selenium.ElementClickInterceptedException: element click intercepted: Element <div>...</div> is not clickable at point (788, 14). Other element would receive the click: <div class=\"uk-modal uan-modal uan-modal_big uk-flex uk-flex-top uk-open\">...</div>\n  (Session info: chrome=130.0.6723.70)\nBuild info: version: '4.25.0', revision: '8a8aea2337'\nSystem info: os.name: 'Windows 11', os.arch: 'amd64', os.version: '10.0', java.version: '22.0.2'\nDriver info: org.openqa.selenium.chrome.ChromeDriver\nCommand: [737bea982d946e7e2d80f9153b220c41, clickElement {id=f.BA5F194AC0DD0A055C509FBDD8368F2E.d.60005E6A409FC65717F8DE8DAE4A84CB.e.57}]\nCapabilities {acceptInsecureCerts: true, browserName: chrome, browserVersion: 130.0.6723.70, chrome: {chromedriverVersion: 130.0.6723.69 (3ec172b971b9..., userDataDir: C:\\Users\\Vitaliy\\AppData\\Lo...}, fedcm:accounts: true, goog:chromeOptions: {debuggerAddress: localhost:63282}, networkConnectionEnabled: false, pageLoadStrategy: eager, platformName: windows, proxy: Proxy(), se:cdp: ws://localhost:63282/devtoo..., se:cdpVersion: 130.0.6723.70, setWindowRect: true, strictFileInteractability: false, timeouts: {implicit: 0, pageLoad: 300000, script: 30000}, unhandledPromptBehavior: accept, webauthn:extension:credBlob: true, webauthn:extension:largeBlob: true, webauthn:extension:minPinLength: true, webauthn:extension:prf: true, webauthn:virtualAuthenticators: true}\nElement: [[ChromeDriver: chrome on windows (737bea982d946e7e2d80f9153b220c41)] -> xpath: //div[@class='uk-visible@l']//div[contains(text(),' Вылет из РФ,')]]\nSession ID: 737bea982d946e7e2d80f9153b220c41\r\n\tat java.base/jdk.internal.reflect.DirectConstructorHandleAccessor.newInstance(DirectConstructorHandleAccessor.java:62)\r\n\tat java.base/java.lang.reflect.Constructor.newInstanceWithCaller(Constructor.java:502)\r\n\tat java.base/java.lang.reflect.Constructor.newInstance(Constructor.java:486)\r\n\tat org.openqa.selenium.remote.ErrorCodec.decode(ErrorCodec.java:167)\r\n\tat org.openqa.selenium.remote.codec.w3c.W3CHttpResponseCodec.decode(W3CHttpResponseCodec.java:138)\r\n\tat org.openqa.selenium.remote.codec.w3c.W3CHttpResponseCodec.decode(W3CHttpResponseCodec.java:50)\r\n\tat org.openqa.selenium.remote.HttpCommandExecutor.execute(HttpCommandExecutor.java:190)\r\n\tat org.openqa.selenium.remote.service.DriverCommandExecutor.invokeExecute(DriverCommandExecutor.java:216)\r\n\tat org.openqa.selenium.remote.service.DriverCommandExecutor.execute(DriverCommandExecutor.java:174)\r\n\tat org.openqa.selenium.remote.RemoteWebDriver.execute(RemoteWebDriver.java:545)\r\n\tat org.openqa.selenium.remote.RemoteWebElement.execute(RemoteWebElement.java:223)\r\n\tat org.openqa.selenium.remote.RemoteWebElement.click(RemoteWebElement.java:76)\r\n\tat com.codeborne.selenide.commands.Click.defaultClick(Click.java:106)\r\n\tat com.codeborne.selenide.commands.Click.doClick(Click.java:83)\r\n\tat com.codeborne.selenide.commands.Click.click(Click.java:59)\r\n\tat com.codeborne.selenide.commands.Click.execute(Click.java:34)\r\n\tat com.codeborne.selenide.commands.Click.execute(Click.java:26)\r\n\tat com.codeborne.selenide.commands.Commands.execute(Commands.java:162)\r\n\tat com.codeborne.selenide.impl.SelenideElementProxy.dispatchAndRetry(SelenideElementProxy.java:134)\r\n\t... 7 more\r\n"},"stage":"finished","description":"","steps":[],"attachments":[],"parameters":[],"start":1730273667371,"stop":1730273677255}