{"uuid":"88666ce6-094e-4924-9018-d17c35594b83","historyId":"787518a7b9a910cc49083de6341c6a1d","testCaseId":"[engine:junit-jupiter]/[class:OpenPage.MainTest]/[method:testAdditionalBaggage()]","testCaseName":"testAdditionalBaggage()","fullName":"OpenPage.MainTest.testAdditionalBaggage","labels":[{"name":"junit.platform.uniqueid","value":"[engine:junit-jupiter]/[class:OpenPage.MainTest]/[method:testAdditionalBaggage()]"},{"name":"feature","value":"Тест на проверку вкладки Дополнительный багаж"},{"name":"host","value":"Dunice"},{"name":"thread","value":"63408@Dunice.main(1)"},{"name":"framework","value":"junit-platform"},{"name":"language","value":"java"},{"name":"package","value":"OpenPage.MainTest"},{"name":"testClass","value":"OpenPage.MainTest"},{"name":"testMethod","value":"testAdditionalBaggage"},{"name":"suite","value":"OpenPage.MainTest"}],"links":[],"name":"testAdditionalBaggage()","status":"failed","statusDetails":{"known":false,"muted":false,"flaky":false,"message":"Element not found {By.xpath: /html/body/div[1]/div[2]/div[1]/div[2]/div/div/div[2]/div/div/div[1]/h2}\r\nExpected: text \"Бизнес-класс/Комфорт\"\r\nScreenshot: file:/C:/Users/Vitaliy/AndroidStudioProjects/UralAvialiniy/build/reports/tests/1730187331219.0.png\r\nPage source: file:/C:/Users/Vitaliy/AndroidStudioProjects/UralAvialiniy/build/reports/tests/1730187331219.0.html\r\nTimeout: 4 s.\r\nCaused by: NoSuchElementException: no such element: Unable to locate element: {\"method\":\"xpath\",\"selector\":\"/html/body/div[1]/div[2]/div[1]/div[2]/div/div/div[2]/div/div/div[1]/h2\"}","trace":"Element not found {By.xpath: /html/body/div[1]/div[2]/div[1]/div[2]/div/div/div[2]/div/div/div[1]/h2}\r\nExpected: text \"Бизнес-класс/Комфорт\"\r\nScreenshot: file:/C:/Users/Vitaliy/AndroidStudioProjects/UralAvialiniy/build/reports/tests/1730187331219.0.png\r\nPage source: file:/C:/Users/Vitaliy/AndroidStudioProjects/UralAvialiniy/build/reports/tests/1730187331219.0.html\r\nTimeout: 4 s.\r\nCaused by: NoSuchElementException: no such element: Unable to locate element: {\"method\":\"xpath\",\"selector\":\"/html/body/div[1]/div[2]/div[1]/div[2]/div/div/div[2]/div/div/div[1]/h2\"}\r\n\tat com.codeborne.selenide.impl.WebElementSource.createElementNotFoundError(WebElementSource.java:90)\r\n\tat com.codeborne.selenide.impl.ElementFinder.createElementNotFoundError(ElementFinder.java:142)\r\n\tat com.codeborne.selenide.impl.WebElementSource.handleError(WebElementSource.java:142)\r\n\tat com.codeborne.selenide.impl.WebElementSource.checkConditionAndReturnElement(WebElementSource.java:126)\r\n\tat com.codeborne.selenide.impl.WebElementSource.checkCondition(WebElementSource.java:103)\r\n\tat com.codeborne.selenide.commands.Should.execute(Should.java:30)\r\n\tat com.codeborne.selenide.commands.Should.execute(Should.java:14)\r\n\tat com.codeborne.selenide.commands.Commands.execute(Commands.java:162)\r\n\tat com.codeborne.selenide.impl.SelenideElementProxy.dispatchAndRetry(SelenideElementProxy.java:134)\r\n\tat com.codeborne.selenide.impl.SelenideElementProxy.invoke(SelenideElementProxy.java:86)\r\n\tat jdk.proxy2/jdk.proxy2.$Proxy12.shouldHave(Unknown Source)\r\n\tat BaggageTest.AdditionalBaggage_4.AdditionalBaggagePage.test3(AdditionalBaggagePage.java:27)\r\n\tat OpenPage.MainTest.testAdditionalBaggage(MainTest.java:35)\r\n\tat java.base/java.lang.reflect.Method.invoke(Method.java:580)\r\n\tat java.base/java.util.ArrayList.forEach(ArrayList.java:1597)\r\n\tat java.base/java.util.ArrayList.forEach(ArrayList.java:1597)\r\nCaused by: org.openqa.selenium.NoSuchElementException: no such element: Unable to locate element: {\"method\":\"xpath\",\"selector\":\"/html/body/div[1]/div[2]/div[1]/div[2]/div/div/div[2]/div/div/div[1]/h2\"}\n  (Session info: chrome=130.0.6723.70)\nFor documentation on this error, please visit: https://www.selenium.dev/documentation/webdriver/troubleshooting/errors#no-such-element-exception\nBuild info: version: '4.25.0', revision: '8a8aea2337'\nSystem info: os.name: 'Windows 11', os.arch: 'amd64', os.version: '10.0', java.version: '22.0.2'\nDriver info: org.openqa.selenium.chrome.ChromeDriver\nCommand: [78ee58a398934c665ef799044ab841d5, findElement {value=/html/body/div[1]/div[2]/div[1]/div[2]/div/div/div[2]/div/div/div[1]/h2, using=xpath}]\nCapabilities {acceptInsecureCerts: true, browserName: chrome, browserVersion: 130.0.6723.70, chrome: {chromedriverVersion: 130.0.6723.69 (3ec172b971b9..., userDataDir: C:\\Users\\Vitaliy\\AppData\\Lo...}, fedcm:accounts: true, goog:chromeOptions: {debuggerAddress: localhost:55228}, networkConnectionEnabled: false, pageLoadStrategy: eager, platformName: windows, proxy: Proxy(), se:cdp: ws://localhost:55228/devtoo..., se:cdpVersion: 130.0.6723.70, setWindowRect: true, strictFileInteractability: false, timeouts: {implicit: 0, pageLoad: 300000, script: 30000}, unhandledPromptBehavior: accept, webauthn:extension:credBlob: true, webauthn:extension:largeBlob: true, webauthn:extension:minPinLength: true, webauthn:extension:prf: true, webauthn:virtualAuthenticators: true}\nSession ID: 78ee58a398934c665ef799044ab841d5\r\n\tat java.base/jdk.internal.reflect.DirectConstructorHandleAccessor.newInstance(DirectConstructorHandleAccessor.java:62)\r\n\tat java.base/java.lang.reflect.Constructor.newInstanceWithCaller(Constructor.java:502)\r\n\tat java.base/java.lang.reflect.Constructor.newInstance(Constructor.java:486)\r\n\tat org.openqa.selenium.remote.ErrorCodec.decode(ErrorCodec.java:167)\r\n\tat org.openqa.selenium.remote.codec.w3c.W3CHttpResponseCodec.decode(W3CHttpResponseCodec.java:138)\r\n\tat org.openqa.selenium.remote.codec.w3c.W3CHttpResponseCodec.decode(W3CHttpResponseCodec.java:50)\r\n\tat org.openqa.selenium.remote.HttpCommandExecutor.execute(HttpCommandExecutor.java:190)\r\n\tat org.openqa.selenium.remote.service.DriverCommandExecutor.invokeExecute(DriverCommandExecutor.java:216)\r\n\tat org.openqa.selenium.remote.service.DriverCommandExecutor.execute(DriverCommandExecutor.java:174)\r\n\tat org.openqa.selenium.remote.RemoteWebDriver.execute(RemoteWebDriver.java:545)\r\n\tat org.openqa.selenium.remote.ElementLocation$ElementFinder$2.findElement(ElementLocation.java:165)\r\n\tat org.openqa.selenium.remote.ElementLocation.findElement(ElementLocation.java:59)\r\n\tat org.openqa.selenium.remote.RemoteWebDriver.findElement(RemoteWebDriver.java:368)\r\n\tat org.openqa.selenium.remote.RemoteWebDriver.findElement(RemoteWebDriver.java:362)\r\n\tat com.codeborne.selenide.impl.WebElementSelector.findElement(WebElementSelector.java:73)\r\n\tat com.codeborne.selenide.impl.WebElementSelector.findElement(WebElementSelector.java:46)\r\n\tat com.codeborne.selenide.impl.WebElementSelector.findElement(WebElementSelector.java:35)\r\n\tat com.codeborne.selenide.impl.ElementFinder.getWebElement(ElementFinder.java:122)\r\n\tat com.codeborne.selenide.impl.WebElementSource.checkConditionAndReturnElement(WebElementSource.java:115)\r\n\t... 12 more\r\n"},"stage":"finished","description":"","steps":[],"attachments":[],"parameters":[],"start":1730187321121,"stop":1730187331570}